{"message":"START: Fri, 28 May 2021 11:16:06 GMT","level":"info"}
{"message":"\nBus Stop: Greenwood Centre","level":"info"}
{"message":"\t88 Clapham Common arriving in approximately 4 minutes","level":"info"}
{"message":"\t88 Clapham Common arriving in approximately 6 minutes","level":"info"}
{"message":"\t214 Moorgate, Finsbury Square arriving in approximately 19 minutes","level":"info"}
{"message":"\t88 Clapham Common arriving in approximately 22 minutes","level":"info"}
{"message":"\t214 Moorgate, Finsbury Square arriving in approximately 26 minutes","level":"info"}
{"message":"\nBus Stop: Lady Somerset Road","level":"info"}
{"message":"\t214 Highgate Village arriving in approximately 0 minutes","level":"info"}
{"message":"\t88 Parliament Hill Fields arriving in approximately 3 minutes","level":"info"}
{"message":"\t214 Highgate Village arriving in approximately 6 minutes","level":"info"}
{"message":"\t214 Highgate Village arriving in approximately 15 minutes","level":"info"}
{"message":"\t88 Parliament Hill Fields arriving in approximately 18 minutes","level":"info"}
{"message":"END","level":"info"}
{"message":"START: Fri, 28 May 2021 11:17:08 GMT","level":"info"}
{"message":"\nBus Stop: Park Road","level":"info"}
{"message":"\tW3 Finsbury Park Station arriving in approximately 0 minutes","level":"info"}
{"message":"\tW3 Finsbury Park Station arriving in approximately 3 minutes","level":"info"}
{"message":"\t144 Edmonton Green arriving in approximately 4 minutes","level":"info"}
{"message":"\tW3 Finsbury Park Station arriving in approximately 4 minutes","level":"info"}
{"message":"\tW3 Finsbury Park Station arriving in approximately 15 minutes","level":"info"}
{"message":"\nBus Stop: Park Road","level":"info"}
{"message":"\tW3 Northumberland Park arriving in approximately 8 minutes","level":"info"}
{"message":"\tW3 Northumberland Park arriving in approximately 12 minutes","level":"info"}
{"message":"\tW3 Northumberland Park arriving in approximately 13 minutes","level":"info"}
{"message":"\tW3 Northumberland Park arriving in approximately 25 minutes","level":"info"}
{"message":"END","level":"info"}
{"message":"START: Fri, 28 May 2021 11:28:25 GMT","level":"info"}
{"message":"\nBus Stop: Greenwood Centre","level":"info"}
{"message":"\t88 Clapham Common arriving in approximately 1 minutes","level":"info"}
{"message":"\t214 Moorgate, Finsbury Square arriving in approximately 6 minutes","level":"info"}
{"message":"\t88 Clapham Common arriving in approximately 9 minutes","level":"info"}
{"message":"\t214 Moorgate, Finsbury Square arriving in approximately 13 minutes","level":"info"}
{"message":"\t88 Clapham Common arriving in approximately 18 minutes","level":"info"}
{"message":"\nBus Stop: Lady Somerset Road","level":"info"}
{"message":"\t214 Highgate Village arriving in approximately 2 minutes","level":"info"}
{"message":"\t214 Highgate Village arriving in approximately 4 minutes","level":"info"}
{"message":"\t88 Parliament Hill Fields arriving in approximately 7 minutes","level":"info"}
{"message":"\t88 Parliament Hill Fields arriving in approximately 13 minutes","level":"info"}
{"message":"\t214 Highgate Village arriving in approximately 14 minutes","level":"info"}
{"message":"END","level":"info"}
{"message":"START: Fri, 28 May 2021 11:29:14 GMT","level":"info"}
{"message":"\n Bus Stop: Greenwood Centre","level":"info"}
{"message":"\t 88 Clapham Common arriving in approximately 1 minutes","level":"info"}
{"message":"\t 214 Moorgate, Finsbury Square arriving in approximately 6 minutes","level":"info"}
{"message":"\t 88 Clapham Common arriving in approximately 9 minutes","level":"info"}
{"message":"\t 214 Moorgate, Finsbury Square arriving in approximately 13 minutes","level":"info"}
{"message":"\t 88 Clapham Common arriving in approximately 18 minutes","level":"info"}
{"message":"\n Bus Stop: Lady Somerset Road","level":"info"}
{"message":"\t 214 Highgate Village arriving in approximately 2 minutes","level":"info"}
{"message":"\t 214 Highgate Village arriving in approximately 3 minutes","level":"info"}
{"message":"\t 88 Parliament Hill Fields arriving in approximately 7 minutes","level":"info"}
{"message":"\t 88 Parliament Hill Fields arriving in approximately 12 minutes","level":"info"}
{"message":"\t 214 Highgate Village arriving in approximately 14 minutes","level":"info"}
{"message":"END","level":"info"}
